<?xml version="1.0" encoding="UTF-8"?>
<!-- Generated by org.testng.reporters.JUnitXMLReporter -->
<testsuite ignored="0" hostname="LNAR-5CG2220YMG" failures="0" tests="3" name="Opencart Test" time="9.638" errors="0" timestamp="2025-05-26T12:32:16 EDT">
  <testcase classname="Testcases.OpenCart" name="regPage" time="0.308"/>
  <testcase classname="Testcases.OpenCart" name="regPage" time="0.306"/>
  <testcase classname="Testcases.OpenCart" name="regPage" time="0.294"/>
</testsuite> <!-- Opencart Test -->
