<?xml version="1.0" encoding="UTF-8"?>
<testng-results ignored="0" total="3" passed="3" failed="0" skipped="0">
  <reporter-output>
  </reporter-output>
  <suite started-at="2025-05-26T12:32:06 EDT" name="Opencart App Test Regression Suite" finished-at="2025-05-26T12:32:16 EDT" duration-ms="9638">
    <groups>
    </groups>
    <test started-at="2025-05-26T12:32:06 EDT" name="Opencart Test" finished-at="2025-05-26T12:32:16 EDT" duration-ms="9638">
      <class name="Testcases.OpenCart">
        <test-method is-config="true" signature="setUp(java.lang.String)[pri:0, instance:Testcases.OpenCart@24313fcc]" started-at="2025-05-26T12:32:06 EDT" name="setUp" finished-at="2025-05-26T12:32:14 EDT" duration-ms="8235" status="PASS">
          <params>
            <param index="0">
              <value>
                <![CDATA[https://naveenautomationlabs.com/opencart/index.php?route=account/register]]>
              </value>
            </param>
          </params>
          <reporter-output>
          </reporter-output>
        </test-method> <!-- setUp -->
        <test-method signature="regPage(java.lang.String,java.lang.String)[pri:0, instance:Testcases.OpenCart@24313fcc]" started-at="2025-05-26T12:32:14 EDT" name="regPage" data-provider="getData" finished-at="2025-05-26T12:32:15 EDT" duration-ms="308" status="PASS">
          <params>
            <param index="0">
              <value>
                <![CDATA[Divya]]>
              </value>
            </param>
            <param index="1">
              <value>
                <![CDATA[AS]]>
              </value>
            </param>
          </params>
          <reporter-output>
          </reporter-output>
        </test-method> <!-- regPage -->
        <test-method signature="regPage(java.lang.String,java.lang.String)[pri:0, instance:Testcases.OpenCart@24313fcc]" started-at="2025-05-26T12:32:15 EDT" name="regPage" data-provider="getData" finished-at="2025-05-26T12:32:15 EDT" duration-ms="306" status="PASS">
          <params>
            <param index="0">
              <value>
                <![CDATA[Deepika]]>
              </value>
            </param>
            <param index="1">
              <value>
                <![CDATA[DR]]>
              </value>
            </param>
          </params>
          <reporter-output>
          </reporter-output>
        </test-method> <!-- regPage -->
        <test-method signature="regPage(java.lang.String,java.lang.String)[pri:0, instance:Testcases.OpenCart@24313fcc]" started-at="2025-05-26T12:32:15 EDT" name="regPage" data-provider="getData" finished-at="2025-05-26T12:32:15 EDT" duration-ms="294" status="PASS">
          <params>
            <param index="0">
              <value>
                <![CDATA[DDD]]>
              </value>
            </param>
            <param index="1">
              <value>
                <![CDATA[RR]]>
              </value>
            </param>
          </params>
          <reporter-output>
          </reporter-output>
        </test-method> <!-- regPage -->
        <test-method is-config="true" signature="tearDown()[pri:0, instance:Testcases.OpenCart@24313fcc]" started-at="2025-05-26T12:32:15 EDT" name="tearDown" finished-at="2025-05-26T12:32:16 EDT" duration-ms="411" status="PASS">
          <reporter-output>
          </reporter-output>
        </test-method> <!-- tearDown -->
      </class> <!-- Testcases.OpenCart -->
    </test> <!-- Opencart Test -->
  </suite> <!-- Opencart App Test Regression Suite -->
</testng-results>
